<?xml version="1.0" encoding="UTF-8"?>
<testsuite xmlns:xsi="http://www.w3.org/2001/XMLSchema-instance" xsi:noNamespaceSchemaLocation="https://maven.apache.org/surefire/maven-surefire-plugin/xsd/surefire-test-report.xsd" name="com.sensordata.SensorDataProcessorTest" time="0.133" tests="15" errors="0" skipped="0" failures="0">
  <properties>
[...]
</properties>
  <testcase name="testMaxConditionSmallData2" classname="com.sensordata.SensorDataProcessorTest" time="0.056"/>
  <testcase name="testSecondIfConditionTrue" classname="com.sensordata.SensorDataProcessorTest" time="0.003"/>
  <testcase name="testSingleElementArrays" classname="com.sensordata.SensorDataProcessorTest" time="0.004"/>
  <testcase name="testThirdIfConditionTrue" classname="com.sensordata.SensorDataProcessorTest" time="0.002"/>
  <testcase name="testCompleteLoopCoverage" classname="com.sensordata.SensorDataProcessorTest" time="0.002"/>
  <testcase name="testZeroDivisor" classname="com.sensordata.SensorDataProcessorTest" time="0.005"/>
  <testcase name="testLargeDataSet" classname="com.sensordata.SensorDataProcessorTest" time="0.003"/>
  <testcase name="testNegativeValues" classname="com.sensordata.SensorDataProcessorTest" time="0.002"/>
  <testcase name="testAverageMethod" classname="com.sensordata.SensorDataProcessorTest" time="0.004"/>
  <testcase name="testFirstBreakBranch" classname="com.sensordata.SensorDataProcessorTest" time="0.003"/>
  <testcase name="testElseCondition" classname="com.sensordata.SensorDataProcessorTest" time="0.002"/>
  <testcase name="testFirstIfConditionTrue" classname="com.sensordata.SensorDataProcessorTest" time="0.002"/>
  <testcase name="testFileCreationAndContent" classname="com.sensordata.SensorDataProcessorTest" time="0.007"/>
  <testcase name="testArithmeticOperations" classname="com.sensordata.SensorDataProcessorTest" time="0.004"/>
  <testcase name="testConstructor" classname="com.sensordata.SensorDataProcessorTest" time="0.004"/>
</testsuite>